executeSQL:  "UNIQUE constraint failed: applipizza_composition.ingredient_id, applipizza_composition.pizza_id (INSERT INTO \"main\".\"applipizza_composition\"(\"idComposition\",\"quantite\",\"ingredient_id\",\"pizza_id\") VALUES (3,'',0,0);)"
addRecord:  "UNIQUE constraint failed: applipizza_composition.ingredient_id, applipizza_composition.pizza_id (INSERT INTO \"main\".\"applipizza_composition\"(\"idComposition\",\"quantite\",\"ingredient_id\",\"pizza_id\") VALUES (3,'',0,0);)"
executeSQL:  "UNIQUE constraint failed: applipizza_composition.ingredient_id, applipizza_composition.pizza_id (INSERT INTO \"main\".\"applipizza_composition\"(\"idComposition\",\"quantite\",\"ingredient_id\",\"pizza_id\") VALUES (3,'',0,0);)"
addRecord:  "UNIQUE constraint failed: applipizza_composition.ingredient_id, applipizza_composition.pizza_id (INSERT INTO \"main\".\"applipizza_composition\"(\"idComposition\",\"quantite\",\"ingredient_id\",\"pizza_id\") VALUES (3,'',0,0);)"
executeSQL:  "UNIQUE constraint failed: applipizza_composition.ingredient_id, applipizza_composition.pizza_id (INSERT INTO \"main\".\"applipizza_composition\"(\"idComposition\",\"quantite\",\"ingredient_id\",\"pizza_id\") VALUES (3,'',0,0);)"
addRecord:  "UNIQUE constraint failed: applipizza_composition.ingredient_id, applipizza_composition.pizza_id (INSERT INTO \"main\".\"applipizza_composition\"(\"idComposition\",\"quantite\",\"ingredient_id\",\"pizza_id\") VALUES (3,'',0,0);)"
executeSQL:  "UNIQUE constraint failed: applipizza_composition.ingredient_id, applipizza_composition.pizza_id (INSERT INTO \"main\".\"applipizza_composition\"(\"idComposition\",\"quantite\",\"ingredient_id\",\"pizza_id\") VALUES (3,'',0,0);)"
addRecord:  "UNIQUE constraint failed: applipizza_composition.ingredient_id, applipizza_composition.pizza_id (INSERT INTO \"main\".\"applipizza_composition\"(\"idComposition\",\"quantite\",\"ingredient_id\",\"pizza_id\") VALUES (3,'',0,0);)"
executeSQL:  "UNIQUE constraint failed: applipizza_composition.ingredient_id, applipizza_composition.pizza_id (INSERT INTO \"main\".\"applipizza_composition\"(\"idComposition\",\"quantite\",\"ingredient_id\",\"pizza_id\") VALUES (3,'',0,0);)"
addRecord:  "UNIQUE constraint failed: applipizza_composition.ingredient_id, applipizza_composition.pizza_id (INSERT INTO \"main\".\"applipizza_composition\"(\"idComposition\",\"quantite\",\"ingredient_id\",\"pizza_id\") VALUES (3,'',0,0);)"
executeSQL:  "NOT NULL constraint failed: applipizza_composition.quantite (INSERT INTO \"main\".\"applipizza_composition\" DEFAULT VALUES;)"
updateRecord:  "datatype mismatch"
executeSQL:  "UNIQUE constraint failed: applipizza_composition.ingredient_id, applipizza_composition.pizza_id (INSERT INTO \"main\".\"applipizza_composition\"(\"idComposition\",\"quantite\",\"ingredient_id\",\"pizza_id\") VALUES (5,'',0,0);)"
addRecord:  "UNIQUE constraint failed: applipizza_composition.ingredient_id, applipizza_composition.pizza_id (INSERT INTO \"main\".\"applipizza_composition\"(\"idComposition\",\"quantite\",\"ingredient_id\",\"pizza_id\") VALUES (5,'',0,0);)"
executeSQL:  "UNIQUE constraint failed: applipizza_composition.ingredient_id, applipizza_composition.pizza_id (INSERT INTO \"main\".\"applipizza_composition\"(\"idComposition\",\"quantite\",\"ingredient_id\",\"pizza_id\") VALUES (5,'',0,0);)"
addRecord:  "UNIQUE constraint failed: applipizza_composition.ingredient_id, applipizza_composition.pizza_id (INSERT INTO \"main\".\"applipizza_composition\"(\"idComposition\",\"quantite\",\"ingredient_id\",\"pizza_id\") VALUES (5,'',0,0);)"
executeSQL:  "NOT NULL constraint failed: applipizza_composition.quantite (INSERT INTO \"main\".\"applipizza_composition\" DEFAULT VALUES;)"
executeSQL:  "UNIQUE constraint failed: applipizza_composition.ingredient_id, applipizza_composition.pizza_id (INSERT INTO \"main\".\"applipizza_composition\"(\"idComposition\",\"quantite\",\"ingredient_id\",\"pizza_id\") VALUES (5,'',0,0);)"
addRecord:  "UNIQUE constraint failed: applipizza_composition.ingredient_id, applipizza_composition.pizza_id (INSERT INTO \"main\".\"applipizza_composition\"(\"idComposition\",\"quantite\",\"ingredient_id\",\"pizza_id\") VALUES (5,'',0,0);)"
executeSQL:  "UNIQUE constraint failed: applipizza_composition.ingredient_id, applipizza_composition.pizza_id (INSERT INTO \"main\".\"applipizza_composition\"(\"idComposition\",\"quantite\",\"ingredient_id\",\"pizza_id\") VALUES (5,'',0,0);)"
addRecord:  "UNIQUE constraint failed: applipizza_composition.ingredient_id, applipizza_composition.pizza_id (INSERT INTO \"main\".\"applipizza_composition\"(\"idComposition\",\"quantite\",\"ingredient_id\",\"pizza_id\") VALUES (5,'',0,0);)"
executeSQL:  "UNIQUE constraint failed: applipizza_composition.ingredient_id, applipizza_composition.pizza_id (INSERT INTO \"main\".\"applipizza_composition\"(\"idComposition\",\"quantite\",\"ingredient_id\",\"pizza_id\") VALUES (7,'',0,0);)"
addRecord:  "UNIQUE constraint failed: applipizza_composition.ingredient_id, applipizza_composition.pizza_id (INSERT INTO \"main\".\"applipizza_composition\"(\"idComposition\",\"quantite\",\"ingredient_id\",\"pizza_id\") VALUES (7,'',0,0);)"
executeSQL:  "UNIQUE constraint failed: applipizza_composition.ingredient_id, applipizza_composition.pizza_id (INSERT INTO \"main\".\"applipizza_composition\"(\"idComposition\",\"quantite\",\"ingredient_id\",\"pizza_id\") VALUES (8,'',0,0);)"
addRecord:  "UNIQUE constraint failed: applipizza_composition.ingredient_id, applipizza_composition.pizza_id (INSERT INTO \"main\".\"applipizza_composition\"(\"idComposition\",\"quantite\",\"ingredient_id\",\"pizza_id\") VALUES (8,'',0,0);)"
executeSQL:  "UNIQUE constraint failed: applipizza_composition.ingredient_id, applipizza_composition.pizza_id (INSERT INTO \"main\".\"applipizza_composition\"(\"idComposition\",\"quantite\",\"ingredient_id\",\"pizza_id\") VALUES (9,'',0,0);)"
addRecord:  "UNIQUE constraint failed: applipizza_composition.ingredient_id, applipizza_composition.pizza_id (INSERT INTO \"main\".\"applipizza_composition\"(\"idComposition\",\"quantite\",\"ingredient_id\",\"pizza_id\") VALUES (9,'',0,0);)"
executeSQL:  "UNIQUE constraint failed: applipizza_composition.ingredient_id, applipizza_composition.pizza_id (INSERT INTO \"main\".\"applipizza_composition\"(\"idComposition\",\"quantite\",\"ingredient_id\",\"pizza_id\") VALUES (10,'',0,0);)"
addRecord:  "UNIQUE constraint failed: applipizza_composition.ingredient_id, applipizza_composition.pizza_id (INSERT INTO \"main\".\"applipizza_composition\"(\"idComposition\",\"quantite\",\"ingredient_id\",\"pizza_id\") VALUES (10,'',0,0);)"
executeSQL:  "UNIQUE constraint failed: applipizza_composition.ingredient_id, applipizza_composition.pizza_id (INSERT INTO \"main\".\"applipizza_composition\"(\"idComposition\",\"quantite\",\"ingredient_id\",\"pizza_id\") VALUES (11,'',0,0);)"
addRecord:  "UNIQUE constraint failed: applipizza_composition.ingredient_id, applipizza_composition.pizza_id (INSERT INTO \"main\".\"applipizza_composition\"(\"idComposition\",\"quantite\",\"ingredient_id\",\"pizza_id\") VALUES (11,'',0,0);)"
executeSQL:  "UNIQUE constraint failed: applipizza_composition.ingredient_id, applipizza_composition.pizza_id (INSERT INTO \"main\".\"applipizza_composition\"(\"idComposition\",\"quantite\",\"ingredient_id\",\"pizza_id\") VALUES (12,'',0,0);)"
addRecord:  "UNIQUE constraint failed: applipizza_composition.ingredient_id, applipizza_composition.pizza_id (INSERT INTO \"main\".\"applipizza_composition\"(\"idComposition\",\"quantite\",\"ingredient_id\",\"pizza_id\") VALUES (12,'',0,0);)"
executeSQL:  "FOREIGN KEY constraint failed (RELEASE \"RESTOREPOINT\";)"
executeSQL:  "FOREIGN KEY constraint failed (RELEASE \"RESTOREPOINT\";)"
executeSQL:  "FOREIGN KEY constraint failed (RELEASE \"RESTOREPOINT\";)"
updateRecord:  "UNIQUE constraint failed: applipizza_composition.ingredient_id, applipizza_composition.pizza_id"
executeSQL:  "FOREIGN KEY constraint failed (RELEASE \"RESTOREPOINT\";)"
